<?xml version="1.0" encoding="UTF-8"?>
<testsuite name="CalculatorTest" tests="5" skipped="0" failures="0" errors="0" timestamp="2020-12-31T22:00:54" hostname="DESKTOP-UOUR7TO" time="0.008">
  <properties/>
  <testcase name="subtract" classname="CalculatorTest" time="0.003"/>
  <testcase name="square" classname="CalculatorTest" time="0.0"/>
  <testcase name="add" classname="CalculatorTest" time="0.0"/>
  <testcase name="division" classname="CalculatorTest" time="0.001"/>
  <testcase name="multiply" classname="CalculatorTest" time="0.0"/>
  <system-out><![CDATA[]]></system-out>
  <system-err><![CDATA[]]></system-err>
</testsuite>
