<?xml version="1.0" encoding="UTF-8"?>
<testsuite name="CarListTest" tests="7" skipped="0" failures="0" errors="0" timestamp="2021-01-04T13:22:46" hostname="DESKTOP-UOUR7TO" time="0.032">
  <properties/>
  <testcase name="whenIndexOutOfBoundsThenThrowException" classname="CarListTest" time="0.018"/>
  <testcase name="whenElementRemovedByIndexThenSizeMustBeDecreased" classname="CarListTest" time="0.0"/>
  <testcase name="whenListClearedThenSizeMustBe0" classname="CarListTest" time="0.002"/>
  <testcase name="getMethodMustReturnedRightValue" classname="CarListTest" time="0.001"/>
  <testcase name="whenRemovedNonExistentElementThenReturnFalse" classname="CarListTest" time="0.001"/>
  <testcase name="whenElementRemovedThenSizeMustBeDecreased" classname="CarListTest" time="0.004"/>
  <testcase name="when100ElementsAddedThenSizeMustBe100" classname="CarListTest" time="0.001"/>
  <system-out><![CDATA[]]></system-out>
  <system-err><![CDATA[]]></system-err>
</testsuite>
