<?xml version="1.0" encoding="UTF-8"?>
<testsuite name="CarSetTest" tests="1" skipped="0" failures="0" errors="0" timestamp="2021-01-10T20:24:06" hostname="DESKTOP-UOUR7TO" time="0.043">
  <properties/>
  <testcase name="forEach" classname="CarSetTest" time="0.043"/>
  <system-out><![CDATA[]]></system-out>
  <system-err><![CDATA[]]></system-err>
</testsuite>
