<?xml version="1.0" encoding="UTF-8"?>
<testsuite name="CarListTest" tests="10" skipped="0" failures="0" errors="0" timestamp="2021-01-05T19:21:34" hostname="DESKTOP-UOUR7TO" time="0.063">
  <properties/>
  <testcase name="addedToTheFirstNumberOfList" classname="CarListTest" time="0.015"/>
  <testcase name="whenIndexOutOfBoundsThenThrowException" classname="CarListTest" time="0.003"/>
  <testcase name="addedToTheMiddleOfList" classname="CarListTest" time="0.002"/>
  <testcase name="whenElementRemovedByIndexThenSizeMustBeDecreased" classname="CarListTest" time="0.003"/>
  <testcase name="whenListClearedThenSizeMustBe0" classname="CarListTest" time="0.004"/>
  <testcase name="addedToTheLastNumberOfList" classname="CarListTest" time="0.009"/>
  <testcase name="getMethodMustReturnedRightValue" classname="CarListTest" time="0.001"/>
  <testcase name="whenRemovedNonExistentElementThenReturnFalse" classname="CarListTest" time="0.001"/>
  <testcase name="whenElementRemovedThenSizeMustBeDecreased" classname="CarListTest" time="0.001"/>
  <testcase name="when100ElementsAddedThenSizeMustBe100" classname="CarListTest" time="0.003"/>
  <system-out><![CDATA[]]></system-out>
  <system-err><![CDATA[]]></system-err>
</testsuite>
