<?xml version="1.0" encoding="UTF-8"?>
<testsuite name="CarListTest" tests="1" skipped="0" failures="0" errors="0" timestamp="2021-01-08T18:58:23" hostname="DESKTOP-UOUR7TO" time="0.014">
  <properties/>
  <testcase name="whenSearchItemExistInListThenReturnTrue" classname="CarListTest" time="0.014"/>
  <system-out><![CDATA[]]></system-out>
  <system-err><![CDATA[]]></system-err>
</testsuite>
