<?xml version="1.0" encoding="UTF-8"?>
<testsuite name="BoxTest" tests="1" skipped="0" failures="0" errors="0" timestamp="2021-01-15T19:53:00" hostname="DESKTOP-UOUR7TO" time="0.006">
  <properties/>
  <testcase name="boxTest" classname="BoxTest" time="0.006"/>
  <system-out><![CDATA[]]></system-out>
  <system-err><![CDATA[]]></system-err>
</testsuite>
