<?xml version="1.0" encoding="UTF-8"?>
<testsuite name="BoxTest" tests="1" skipped="0" failures="0" errors="0" timestamp="2021-01-19T15:46:05" hostname="DESKTOP-UOUR7TO" time="0.003">
  <properties/>
  <testcase name="boxTest" classname="BoxTest" time="0.003"/>
  <system-out><![CDATA[]]></system-out>
  <system-err><![CDATA[]]></system-err>
</testsuite>
